<?xml version="1.0" encoding="UTF-8"?>
<testExecutions version="1">
  <file path="/home/msk/Projects/school/SDE-service-engineering/se_frontend/src/app/shared/components/header/header.component.spec.ts">
    <testCase name="HeaderComponent should render the component" duration="31"/>
    <testCase name="HeaderComponent should navigate to the correct routes" duration="15"/>
    <testCase name="HeaderComponent should log the user out" duration="7"/>
    <testCase name="HeaderComponent should change the collapsed property of the navbar" duration="15"/>
  </file>
  <file path="/home/msk/Projects/school/SDE-service-engineering/se_frontend/src/app/shared/components/toast/toast.component.spec.ts">
    <testCase name="ToastComponent should render the component" duration="12"/>
  </file>
  <file path="/home/msk/Projects/school/SDE-service-engineering/se_frontend/src/app/modules/login/login.component.spec.ts">
    <testCase name="LoginComponent should create" duration="21"/>
    <testCase name="LoginComponent should display login button" duration="9"/>
    <testCase name="LoginComponent should return valid login form is username is set" duration="7"/>
    <testCase name="LoginComponent should return invalid login form if username is empty" duration="6"/>
    <testCase name="LoginComponent should return valid login form if password is set" duration="6"/>
    <testCase name="LoginComponent should return invalid login form if password is not set" duration="5"/>
    <testCase name="LoginComponent should enable login button when username and password is set" duration="7"/>
    <testCase name="LoginComponent should not enable login button when only username is set" duration="5"/>
  </file>
  <file path="/home/msk/Projects/school/SDE-service-engineering/se_frontend/src/app/app.component.spec.ts">
    <testCase name="AppComponent should render the app" duration="21"/>
    <testCase name="AppComponent should display login page" duration="8"/>
  </file>
  <file path="/home/msk/Projects/school/SDE-service-engineering/se_frontend/src/app/services/http/auth.service.spec.ts">
    <testCase name="AuthService should log send an auth request to the backend" duration="6"/>
  </file>
  <file path="/home/msk/Projects/school/SDE-service-engineering/se_frontend/src/app/services/toast/toast.service.spec.ts">
    <testCase name="ToastService should push a specific toast to the toasts array" duration="4"/>
    <testCase name="ToastService should remove a toast from array" duration="1"/>
  </file>
  <file path="/home/msk/Projects/school/SDE-service-engineering/se_frontend/src/app/services/storage.service.spec.ts">
    <testCase name="StorageService should be created" duration="5"/>
    <testCase name="StorageService should save auth response to session storage" duration="2"/>
    <testCase name="StorageService should retrieve authentication when present" duration="1"/>
  </file>
  <file path="/home/msk/Projects/school/SDE-service-engineering/se_frontend/src/app/modules/landing-page/landing-page.component.spec.ts">
    <testCase name="LandingPageComponent should create" duration="15"/>
  </file>
</testExecutions>