<?xml version="1.0" encoding="UTF-8"?>
<testExecutions version="1">
  <file path="/home/thomas/Documents/Projects/se/se_frontend/src/app/shared/components/header/header.component.spec.ts">
    <testCase name="HeaderComponent should render the component" duration="0"/>
    <testCase name="HeaderComponent should navigate to the correct routes" duration="42">
      <failure message="Error: Cannot click: null is not a HTMLElement"><![CDATA[Error: Cannot click: null is not a HTMLElement
    at Spectator.click (/home/thomas/Documents/Projects/se/se_frontend/node_modules/@ngneat/spectator/fesm2020/ngneat-spectator.mjs:565:19)
    at /home/thomas/Documents/Projects/se/se_frontend/src/app/shared/components/header/header.component.spec.ts:61:15
    at _ZoneDelegate.Object.<anonymous>._ZoneDelegate.invoke (/home/thomas/Documents/Projects/se/se_frontend/node_modules/zone.js/bundles/zone-testing-bundle.umd.js:412:30)
    at ProxyZoneSpec.Object.<anonymous>.ProxyZoneSpec.onInvoke (/home/thomas/Documents/Projects/se/se_frontend/node_modules/zone.js/bundles/zone-testing-bundle.umd.js:3833:43)
    at _ZoneDelegate.Object.<anonymous>._ZoneDelegate.invoke (/home/thomas/Documents/Projects/se/se_frontend/node_modules/zone.js/bundles/zone-testing-bundle.umd.js:411:56)
    at Zone.Object.<anonymous>.Zone.run (/home/thomas/Documents/Projects/se/se_frontend/node_modules/zone.js/bundles/zone-testing-bundle.umd.js:169:47)
    at Object.wrappedFunc (/home/thomas/Documents/Projects/se/se_frontend/node_modules/zone.js/bundles/zone-testing-bundle.umd.js:4333:34)
    at Promise.then.completed (/home/thomas/Documents/Projects/se/se_frontend/node_modules/jest-circus/build/utils.js:293:28)
    at new Promise (<anonymous>)
    at callAsyncCircusFn (/home/thomas/Documents/Projects/se/se_frontend/node_modules/jest-circus/build/utils.js:226:10)
    at _callCircusTest (/home/thomas/Documents/Projects/se/se_frontend/node_modules/jest-circus/build/run.js:297:40)
    at _runTest (/home/thomas/Documents/Projects/se/se_frontend/node_modules/jest-circus/build/run.js:233:3)
    at _runTestsForDescribeBlock (/home/thomas/Documents/Projects/se/se_frontend/node_modules/jest-circus/build/run.js:135:9)
    at _runTestsForDescribeBlock (/home/thomas/Documents/Projects/se/se_frontend/node_modules/jest-circus/build/run.js:130:9)
    at run (/home/thomas/Documents/Projects/se/se_frontend/node_modules/jest-circus/build/run.js:68:3)
    at runAndTransformResultsToJestFormat (/home/thomas/Documents/Projects/se/se_frontend/node_modules/jest-circus/build/legacy-code-todo-rewrite/jestAdapterInit.js:122:21)]]></failure>
    </testCase>
    <testCase name="HeaderComponent should log the user out" duration="0"/>
    <testCase name="HeaderComponent should change the collapsed property of the navbar" duration="0"/>
  </file>
</testExecutions>