<?xml version="1.0" encoding="UTF-8"?>
<testExecutions version="1">
  <file path="/home/thomas/Documents/Projects/se/se_frontend/src/app/modules/catalog/containers/catalog/catalog.component.spec.ts">
    <testCase name="CatalogComponent should render the component" duration="108"/>
    <testCase name="CatalogComponent should navigate to the catalog details page when a car selection is emitted" duration="0"/>
  </file>
</testExecutions>