<?xml version="1.0" encoding="UTF-8"?>
<testExecutions version="1">
  <file path="/home/msk/Projects/school/SDE-service-engineering/se_frontend/src/app/modules/landing-page/components/car-card/car-card.component.spec.ts">
    <testCase name="CarCardComponent should render the component" duration="26"/>
  </file>
  <file path="/home/msk/Projects/school/SDE-service-engineering/se_frontend/src/app/shared/components/toast/toast.component.spec.ts">
    <testCase name="ToastComponent should render the component" duration="15"/>
  </file>
  <file path="/home/msk/Projects/school/SDE-service-engineering/se_frontend/src/app/shared/components/not-found/not-found.component.spec.ts">
    <testCase name="NotFoundComponent should create" duration="47"/>
    <testCase name="NotFoundComponent should render the component" duration="16"/>
  </file>
  <file path="/home/msk/Projects/school/SDE-service-engineering/se_frontend/src/app/services/storage.service.spec.ts">
    <testCase name="StorageService should be created" duration="14"/>
    <testCase name="StorageService should save auth response to session storage" duration="4"/>
    <testCase name="StorageService should retrieve authentication when present" duration="3"/>
  </file>
  <file path="/home/msk/Projects/school/SDE-service-engineering/se_frontend/src/app/modules/landing-page/landing-page.component.spec.ts">
    <testCase name="LandingPageComponent should create" duration="129"/>
  </file>
  <file path="/home/msk/Projects/school/SDE-service-engineering/se_frontend/src/app/modules/login/login.component.spec.ts">
    <testCase name="LoginComponent should create" duration="32"/>
    <testCase name="LoginComponent should display login button" duration="13"/>
    <testCase name="LoginComponent should return valid login form is username is set" duration="14"/>
    <testCase name="LoginComponent should return invalid login form if username is empty" duration="16"/>
    <testCase name="LoginComponent should return valid login form if password is set" duration="7"/>
    <testCase name="LoginComponent should return invalid login form if password is not set" duration="7"/>
    <testCase name="LoginComponent should enable login button when username and password is set" duration="7"/>
    <testCase name="LoginComponent should not enable login button when only username is set" duration="6"/>
  </file>
  <file path="/home/msk/Projects/school/SDE-service-engineering/se_frontend/src/app/app.component.spec.ts">
    <testCase name="AppComponent should render the app" duration="26"/>
    <testCase name="AppComponent should display login page" duration="10"/>
  </file>
  <file path="/home/msk/Projects/school/SDE-service-engineering/se_frontend/src/app/shared/components/header/header.component.spec.ts">
    <testCase name="HeaderComponent should render the component" duration="31"/>
    <testCase name="HeaderComponent should navigate to the correct routes" duration="17"/>
    <testCase name="HeaderComponent should log the user out" duration="9"/>
    <testCase name="HeaderComponent should change the collapsed property of the navbar" duration="17"/>
  </file>
  <file path="/home/msk/Projects/school/SDE-service-engineering/se_frontend/src/app/modules/register/register.component.spec.ts">
    <testCase name="RegisterComponent should render the component" duration="45"/>
    <testCase name="RegisterComponent should create" duration="13"/>
    <testCase name="RegisterComponent should enable register button when all fields are correctly set" duration="14"/>
  </file>
  <file path="/home/msk/Projects/school/SDE-service-engineering/se_frontend/src/app/services/interceptor/http.interceptor.spec.ts">
    <testCase name="HttpInterceptor should be created" duration="9"/>
    <testCase name="HttpInterceptor should add content type to request" duration="4"/>
    <testCase name="HttpInterceptor should add access token to request if present" duration="2"/>
    <testCase name="HttpInterceptor should refresh token if initial request responded with 401" duration="2"/>
  </file>
  <file path="/home/msk/Projects/school/SDE-service-engineering/se_frontend/src/app/services/toast/toast.service.spec.ts">
    <testCase name="ToastService should push a toast to the toasts array" duration="6"/>
    <testCase name="ToastService should remove a toast from array" duration="2"/>
  </file>
  <file path="/home/msk/Projects/school/SDE-service-engineering/se_frontend/src/app/services/http/auth.service.spec.ts">
    <testCase name="AuthService should send an auth request to the backend" duration="6"/>
    <testCase name="AuthService should send register request to backend" duration="2"/>
    <testCase name="AuthService should refresh access token with refresh token" duration="1"/>
  </file>
  <file path="/home/msk/Projects/school/SDE-service-engineering/se_frontend/src/app/services/guards/auth.guard.spec.ts">
    <testCase name="AuthGuard user not signed in should redirect to login" duration="19"/>
    <testCase name="AuthGuard user signed in should redirect to login" duration="2"/>
  </file>
  <file path="/home/msk/Projects/school/SDE-service-engineering/se_frontend/src/app/services/guards/login.guard.spec.ts">
    <testCase name="LoginGuard user not signed in should redirect to login" duration="14"/>
    <testCase name="LoginGuard user signed in should redirect to home page" duration="7"/>
  </file>
</testExecutions>