<?xml version="1.0" encoding="UTF-8"?>
<testExecutions version="1">
  <file path="/home/thomas/Documents/Projects/se/se_frontend/src/app/services/guards/auth.guard.spec.ts">
    <testCase name="AuthGuard should be created" duration="31"/>
  </file>
  <file path="/home/thomas/Documents/Projects/se/se_frontend/src/app/modules/landing-page/landing-page.component.spec.ts">
    <testCase name="LandingPageComponent should create" duration="82"/>
  </file>
  <file path="/home/thomas/Documents/Projects/se/se_frontend/src/app/modules/register/register.component.spec.ts">
    <testCase name="RegisterComponent should render the component" duration="179"/>
    <testCase name="RegisterComponent should create" duration="39"/>
    <testCase name="RegisterComponent should enable register button when all fields are correctly set" duration="41"/>
  </file>
  <file path="/home/thomas/Documents/Projects/se/se_frontend/src/app/modules/login/login.component.spec.ts">
    <testCase name="LoginComponent should create" duration="84"/>
    <testCase name="LoginComponent should display login button" duration="49"/>
    <testCase name="LoginComponent should return valid login form is username is set" duration="25"/>
    <testCase name="LoginComponent should return invalid login form if username is empty" duration="24"/>
    <testCase name="LoginComponent should return valid login form if password is set" duration="27"/>
    <testCase name="LoginComponent should return invalid login form if password is not set" duration="25"/>
    <testCase name="LoginComponent should enable login button when username and password is set" duration="27"/>
    <testCase name="LoginComponent should not enable login button when only username is set" duration="22"/>
  </file>
  <file path="/home/thomas/Documents/Projects/se/se_frontend/src/app/shared/components/header/header.component.spec.ts">
    <testCase name="HeaderComponent should render the component" duration="113"/>
    <testCase name="HeaderComponent should navigate to the correct routes" duration="50"/>
    <testCase name="HeaderComponent should log the user out" duration="24"/>
    <testCase name="HeaderComponent should change the collapsed property of the navbar" duration="58"/>
  </file>
  <file path="/home/thomas/Documents/Projects/se/se_frontend/src/app/shared/components/toast/toast.component.spec.ts">
    <testCase name="ToastComponent should render the component" duration="43"/>
  </file>
  <file path="/home/thomas/Documents/Projects/se/se_frontend/src/app/services/guards/login.guard.spec.ts">
    <testCase name="LoginGuard should be created" duration="23"/>
  </file>
  <file path="/home/thomas/Documents/Projects/se/se_frontend/src/app/app.component.spec.ts">
    <testCase name="AppComponent should render the app" duration="87"/>
    <testCase name="AppComponent should display login page" duration="22"/>
  </file>
  <file path="/home/thomas/Documents/Projects/se/se_frontend/src/app/services/interceptor/http.interceptor.spec.ts">
    <testCase name="HttpInterceptor should be created" duration="22"/>
  </file>
  <file path="/home/thomas/Documents/Projects/se/se_frontend/src/app/services/http/auth.service.spec.ts">
    <testCase name="AuthService should send an auth request to the backend" duration="21"/>
    <testCase name="AuthService should send register request to backend" duration="5"/>
    <testCase name="AuthService should refresh access token with refresh token" duration="4"/>
  </file>
  <file path="/home/thomas/Documents/Projects/se/se_frontend/src/app/services/storage.service.spec.ts">
    <testCase name="StorageService should be created" duration="16"/>
    <testCase name="StorageService should save auth response to session storage" duration="5"/>
    <testCase name="StorageService should retrieve authentication when present" duration="4"/>
  </file>
  <file path="/home/thomas/Documents/Projects/se/se_frontend/src/app/services/toast/toast.service.spec.ts">
    <testCase name="ToastService should push a toast to the toasts array" duration="10"/>
    <testCase name="ToastService should remove a toast from array" duration="4"/>
  </file>
  <file path="/home/thomas/Documents/Projects/se/se_frontend/src/app/shared/components/not-found/not-found.component.spec.ts">
    <testCase name="NotFoundComponent should create" duration="60"/>
    <testCase name="NotFoundComponent should render the component" duration="19"/>
  </file>
</testExecutions>