<?xml version="1.0" encoding="UTF-8"?>
<testExecutions version="1">
  <file path="/home/thomas/Documents/Projects/se/se_frontend/src/app/services/interceptor/http.interceptor.spec.ts">
    <testCase name="HttpInterceptor should be created" duration="0"/>
    <testCase name="HttpInterceptor should add content type to request" duration="0"/>
    <testCase name="HttpInterceptor should add access token to request if present" duration="14"/>
    <testCase name="HttpInterceptor should refresh token if initial request responded with 401" duration="0"/>
  </file>
</testExecutions>