<?xml version="1.0" encoding="UTF-8"?>
<testExecutions version="1">
  <file path="/home/thomas/Documents/Projects/se/se_frontend/src/app/modules/landing-page/landing-page.component.spec.ts">
    <testCase name="LandingPageComponent should render the component" duration="85"/>
    <testCase name="LandingPageComponent should create" duration="26"/>
    <testCase name="LandingPageComponent should route to catalog with queryParams" duration="38"/>
    <testCase name="LandingPageComponent should not route to catalog when date range is invalid" duration="23"/>
  </file>
</testExecutions>